This is pdfTeX, Version 3.14159265-2.6-1.40.18 (MiKTeX 2.9.6500 64-bit) (preloaded format=pdflatex 2018.1.18)  3 APR 2018 09:55
entering extended mode
**./main.tex
(main.tex
LaTeX2e <2017-04-15>
Babel <3.15> and hyphenation patterns for 75 language(s) loaded.

("C:\Users\Jiaoni Bai\AppData\Local\Programs\MiKTeX 2.9\tex\latex\revtex\revtex
4-1.cls"
Document Class: revtex4-1 2010/07/25/20:33:00 4.1r (http://publish.aps.org/revt
ex4/ for documentation)
 Copyright (c) 2009 The American Physical Society.
 mailto:revtex@aps.org
 Licensed under the LPPL:
http://www.ctan.org/tex-archive/macros/latex/base/lppl.txt
 Arthur Ogawa <arthur_ogawa at sbcglobal dot net>
 Based on work by David Carlisle <david at dcarlisle.demon.co.uk>.
ltxutil[2010/07/25/20:33:00 4.1r utilities package (portions licensed from W. E
. Baxter web at superscript.com)]
LaTeX Info: Redefining \@centercr on input line 308.
Class revtex4-1 Info: Repairing broken LaTeX eqnarray on input line 358.
\eqncolsep=\skip41
Class revtex4-1 Info: Repairing hyperref-unfriendly LaTeX definition of \mpfoot
note on input line 433.
Class revtex4-1 Info: Repairing broken LateX \@sect on input line 755.
\intertabularlinepenalty=\count79
\@tbpen=\count80
\@arstrutbox@hline=\box26
Class revtex4-1 Info: Repairing broken LaTeX \@xbitor on input line 1786.
Class revtex4-1 Info: Making \typeout \long on input line 2046.
ltxfront[2010/07/25/20:33:00 4.1r frontmatter package (AO,DPC)]
\c@affil=\count81
\c@collab=\count82
\absbox=\box27
ltxgrid[2010/07/25/20:33:00 4.1r page grid package (portions licensed from W. E
. Baxter web at superscript.com)]
\c@linecount=\count83
\output@latex=\toks14
\box@size@1=\box28
\box@size@2=\box29
\@protection@box=\box30
\@topmark@saved=\toks15
\footins@saved=\box31
\footins@recovered=\box32
\column@recovered=\box33
\pagesofar=\box34
\footsofar=\box35
\pagegrid@col=\count84
Class revtex4-1 Info: Overriding \@vspace, \@vspacer, \@no@pgbk, \@newline, and
 \\  on input line 5578.
\c@part=\count85
\c@section=\count86
\c@subsection=\count87
\c@subsubsection=\count88
\c@paragraph=\count89
\c@subparagraph=\count90
\abovecaptionskip=\skip42
\belowcaptionskip=\skip43
\c@figure=\count91
\fbox@1=\box36
\c@table=\count92
\fbox@2=\box37
\c@video=\count93
\fbox@4=\box38
\@bibdataout=\write3
\widetext@top=\box39
\widetext@bot=\box40
Class revtex4-1 Info: Selecting society aps on input line 7542.

("C:\Users\Jiaoni Bai\AppData\Local\Programs\MiKTeX 2.9\tex\latex\revtex\aps4-1
.rtx"
File: aps4-1 2010/07/25/20:33:00 4.1r (http://publish.aps.org/revtex4/ for docu
mentation)
Class revtex4-1 Info: RevTeX society APS selected on input line 31.
)

Class revtex4-1 Warning: No journal specified, using default pra.

Class revtex4-1 Info: APS journal PRA selected on input line 7545.

("C:\Users\Jiaoni Bai\AppData\Local\Programs\MiKTeX 2.9\tex\latex\revtex\aps10p
t4-1.rtx"
File: aps10pt4-1 2010/07/25/20:33:00 4.1r (http://publish.aps.org/revtex4/ for 
documentation)
Class revtex4-1 Info: RevTeX pointsize 10pt selected on input line 30.
)
("C:\Users\Jiaoni Bai\AppData\Local\Programs\MiKTeX 2.9\tex\latex\textcase\text
case.sty"
Package: textcase 2004/10/07 v0.07 Text only upper/lower case changing (DPC)
)
("C:\Users\Jiaoni Bai\AppData\Local\Programs\MiKTeX 2.9\tex\latex\amsfonts\amss
ymb.sty"
Package: amssymb 2013/01/14 v3.01 AMS font symbols

("C:\Users\Jiaoni Bai\AppData\Local\Programs\MiKTeX 2.9\tex\latex\amsfonts\amsf
onts.sty"
Package: amsfonts 2013/01/14 v3.01 Basic AMSFonts support
\@emptytoks=\toks16
\symAMSa=\mathgroup4
\symAMSb=\mathgroup5
LaTeX Font Info:    Overwriting math alphabet `\mathfrak' in version `bold'
(Font)                  U/euf/m/n --> U/euf/b/n on input line 106.
))
("C:\Users\Jiaoni Bai\AppData\Local\Programs\MiKTeX 2.9\tex\latex\amsmath\amsma
th.sty"
Package: amsmath 2017/09/02 v2.17a AMS math features
\@mathmargin=\skip44

For additional information on amsmath, use the `?' option.

("C:\Users\Jiaoni Bai\AppData\Local\Programs\MiKTeX 2.9\tex\latex\amsmath\amste
xt.sty"
Package: amstext 2000/06/29 v2.01 AMS text

("C:\Users\Jiaoni Bai\AppData\Local\Programs\MiKTeX 2.9\tex\latex\amsmath\amsge
n.sty"
File: amsgen.sty 1999/11/30 v2.0 generic functions
\@emptytoks=\toks17
\ex@=\dimen102
)
LaTeX Info: Redefining \text on input line 28.
)
("C:\Users\Jiaoni Bai\AppData\Local\Programs\MiKTeX 2.9\tex\latex\amsmath\amsbs
y.sty"
Package: amsbsy 1999/11/29 v1.2d Bold Symbols
\pmbraise@=\dimen103
)
("C:\Users\Jiaoni Bai\AppData\Local\Programs\MiKTeX 2.9\tex\latex\amsmath\amsop
n.sty"
Package: amsopn 2016/03/08 v2.02 operator names
)
\inf@bad=\count94
LaTeX Info: Redefining \frac on input line 213.
\uproot@=\count95
\leftroot@=\count96
LaTeX Info: Redefining \overline on input line 375.
\classnum@=\count97
\DOTSCASE@=\count98
LaTeX Info: Redefining \ldots on input line 472.
LaTeX Info: Redefining \dots on input line 475.
LaTeX Info: Redefining \cdots on input line 596.
\Mathstrutbox@=\box41
\strutbox@=\box42
\big@size=\dimen104
LaTeX Font Info:    Redeclaring font encoding OML on input line 712.
LaTeX Font Info:    Redeclaring font encoding OMS on input line 713.
\macc@depth=\count99
\c@MaxMatrixCols=\count100
\dotsspace@=\muskip10
\c@parentequation=\count101
\dspbrk@lvl=\count102
\tag@help=\toks18
\row@=\count103
\column@=\count104
\maxfields@=\count105
\andhelp@=\toks19
\eqnshift@=\dimen105
\alignsep@=\dimen106
\tagshift@=\dimen107
\tagwidth@=\dimen108
\totwidth@=\dimen109
\lineht@=\dimen110
\@envbody=\toks20
\multlinegap=\skip45
\multlinetaggap=\skip46
\mathdisplay@stack=\toks21
LaTeX Info: Redefining \[ on input line 2817.
LaTeX Info: Redefining \] on input line 2818.
)
("C:\Users\Jiaoni Bai\AppData\Local\Programs\MiKTeX 2.9\tex\latex\url\url.sty"
\Urlmuskip=\muskip11
Package: url 2013/09/16  ver 3.4  Verb mode for urls, etc.
)
("C:\Users\Jiaoni Bai\AppData\Local\Programs\MiKTeX 2.9\tex\latex\natbib\natbib
.sty"
Package: natbib 2010/09/13 8.31b (PWD, AO)
\bibhang=\skip47
\bibsep=\skip48
LaTeX Info: Redefining \cite on input line 694.
\c@NAT@ctr=\count106
)
Class revtex4-1 Info: Repairing natbib's \BibitemShut on input line 7549.

("C:\Users\Jiaoni Bai\AppData\Local\Programs\MiKTeX 2.9\tex\latex\revtex\revsym
b4-1.sty"
Package: revsymb4-1 2010/07/25/20:33:00 4.1r (http://publish.aps.org/revtex4/ f
or documentation)
LaTeX Info: Redefining \frak on input line 95.
LaTeX Info: Redefining \Bbb on input line 111.
LaTeX Info: Redefining \REV@mathfrak on input line 119.
))
("C:\Users\Jiaoni Bai\AppData\Local\Programs\MiKTeX 2.9\tex\latex\graphics\grap
hicx.sty"
Package: graphicx 2017/06/01 v1.1a Enhanced LaTeX Graphics (DPC,SPQR)

("C:\Users\Jiaoni Bai\AppData\Local\Programs\MiKTeX 2.9\tex\latex\graphics\keyv
al.sty"
Package: keyval 2014/10/28 v1.15 key=value parser (DPC)
\KV@toks@=\toks22
)
("C:\Users\Jiaoni Bai\AppData\Local\Programs\MiKTeX 2.9\tex\latex\graphics\grap
hics.sty"
Package: graphics 2017/06/25 v1.2c Standard LaTeX Graphics (DPC,SPQR)

("C:\Users\Jiaoni Bai\AppData\Local\Programs\MiKTeX 2.9\tex\latex\graphics\trig
.sty"
Package: trig 2016/01/03 v1.10 sin cos tan (DPC)
)
("C:\Users\Jiaoni Bai\AppData\Local\Programs\MiKTeX 2.9\tex\latex\graphics-cfg\
graphics.cfg"
File: graphics.cfg 2016/06/04 v1.11 sample graphics configuration
)
Package graphics Info: Driver file: pdftex.def on input line 99.

("C:\Users\Jiaoni Bai\AppData\Local\Programs\MiKTeX 2.9\tex\latex\graphics-def\
pdftex.def"
File: pdftex.def 2017/06/24 v1.0g Graphics/color driver for pdftex
))
\Gin@req@height=\dimen111
\Gin@req@width=\dimen112
)
("C:\Users\Jiaoni Bai\AppData\Local\Programs\MiKTeX 2.9\tex\latex\multirow\mult
irow.sty"
Package: multirow 2016/11/25 v2.2 Span multiple rows of a table
\multirow@colwidth=\skip49
\multirow@cntb=\count107
\multirow@dima=\skip50
\bigstrutjot=\dimen113
)
("C:\Users\Jiaoni Bai\AppData\Local\Programs\MiKTeX 2.9\tex\latex\colortbl\colo
rtbl.sty"
Package: colortbl 2012/02/13 v1.0a Color table columns (DPC)

("C:\Users\Jiaoni Bai\AppData\Local\Programs\MiKTeX 2.9\tex\latex\tools\array.s
ty"
Package: array 2016/10/06 v2.4d Tabular extension package (FMi)
\col@sep=\dimen114
\extrarowheight=\dimen115
\NC@list=\toks23
\extratabsurround=\skip51
\backup@length=\skip52
)
("C:\Users\Jiaoni Bai\AppData\Local\Programs\MiKTeX 2.9\tex\latex\graphics\colo
r.sty"
Package: color 2016/07/10 v1.1e Standard LaTeX Color (DPC)

("C:\Users\Jiaoni Bai\AppData\Local\Programs\MiKTeX 2.9\tex\latex\graphics-cfg\
color.cfg"
File: color.cfg 2016/01/02 v1.6 sample color configuration
)
Package color Info: Driver file: pdftex.def on input line 147.
)
\everycr=\toks24
\minrowclearance=\skip53
)
("C:\Users\Jiaoni Bai\AppData\Local\Programs\MiKTeX 2.9\tex\latex\units\units.s
ty"
Package: units 1998/08/04 v0.9b Typesetting units

("C:\Users\Jiaoni Bai\AppData\Local\Programs\MiKTeX 2.9\tex\latex\base\ifthen.s
ty"
Package: ifthen 2014/09/29 v1.1c Standard LaTeX ifthen package (DPC)
)
("C:\Users\Jiaoni Bai\AppData\Local\Programs\MiKTeX 2.9\tex\latex\units\nicefra
c.sty"
Package: nicefrac 1998/08/04 v0.9b Nice fractions
\L@UnitsRaiseDisplaystyle=\skip54
\L@UnitsRaiseTextstyle=\skip55
\L@UnitsRaiseScriptstyle=\skip56
))
("C:\Users\Jiaoni Bai\AppData\Local\Programs\MiKTeX 2.9\tex\latex\siunitx\siuni
tx.sty"
("C:\Users\Jiaoni Bai\AppData\Local\Programs\MiKTeX 2.9\tex\latex\l3kernel\expl
3.sty"
Package: expl3 2017/12/16 L3 programming layer (loader) 

("C:\Users\Jiaoni Bai\AppData\Local\Programs\MiKTeX 2.9\tex\latex\l3kernel\expl
3-code.tex"
Package: expl3 2017/12/16 L3 programming layer (code)
\c_max_int=\count108
\l_tmpa_int=\count109
\l_tmpb_int=\count110
\g_tmpa_int=\count111
\g_tmpb_int=\count112
\g__intarray_font_int=\count113
\g__prg_map_int=\count114
\c_log_iow=\count115
\l_iow_line_count_int=\count116
\l__iow_line_target_int=\count117
\l__iow_one_indent_int=\count118
\l__iow_indent_int=\count119
\c_zero_dim=\dimen116
\c_max_dim=\dimen117
\l_tmpa_dim=\dimen118
\l_tmpb_dim=\dimen119
\g_tmpa_dim=\dimen120
\g_tmpb_dim=\dimen121
\c_zero_skip=\skip57
\c_max_skip=\skip58
\l_tmpa_skip=\skip59
\l_tmpb_skip=\skip60
\g_tmpa_skip=\skip61
\g_tmpb_skip=\skip62
\c_zero_muskip=\muskip12
\c_max_muskip=\muskip13
\l_tmpa_muskip=\muskip14
\l_tmpb_muskip=\muskip15
\g_tmpa_muskip=\muskip16
\g_tmpb_muskip=\muskip17
\l_keys_choice_int=\count120
\c__fp_leading_shift_int=\count121
\c__fp_middle_shift_int=\count122
\c__fp_trailing_shift_int=\count123
\c__fp_big_leading_shift_int=\count124
\c__fp_big_middle_shift_int=\count125
\c__fp_big_trailing_shift_int=\count126
\c__fp_Bigg_leading_shift_int=\count127
\c__fp_Bigg_middle_shift_int=\count128
\c__fp_Bigg_trailing_shift_int=\count129
\c__fp_rand_size_int=\count130
\c__fp_rand_four_int=\count131
\c__fp_rand_eight_int=\count132
\l__sort_length_int=\count133
\l__sort_min_int=\count134
\l__sort_top_int=\count135
\l__sort_max_int=\count136
\l__sort_true_max_int=\count137
\l__sort_block_int=\count138
\l__sort_begin_int=\count139
\l__sort_end_int=\count140
\l__sort_A_int=\count141
\l__sort_B_int=\count142
\l__sort_C_int=\count143
\l__tl_build_start_index_int=\count144
\l__tl_build_index_int=\count145
\l__tl_analysis_normal_int=\count146
\l__tl_analysis_index_int=\count147
\l__tl_analysis_nesting_int=\count148
\l__tl_analysis_type_int=\count149
\l__regex_internal_a_int=\count150
\l__regex_internal_b_int=\count151
\l__regex_internal_c_int=\count152
\l__regex_balance_int=\count153
\l__regex_group_level_int=\count154
\l__regex_mode_int=\count155
\c__regex_cs_in_class_mode_int=\count156
\c__regex_cs_mode_int=\count157
\l__regex_catcodes_int=\count158
\l__regex_default_catcodes_int=\count159
\c__regex_catcode_D_int=\count160
\c__regex_catcode_S_int=\count161
\c__regex_catcode_L_int=\count162
\c__regex_catcode_O_int=\count163
\c__regex_catcode_A_int=\count164
\c__regex_all_catcodes_int=\count165
\l__regex_show_lines_int=\count166
\l__regex_min_state_int=\count167
\l__regex_max_state_int=\count168
\l__regex_left_state_int=\count169
\l__regex_right_state_int=\count170
\l__regex_capturing_group_int=\count171
\l__regex_min_pos_int=\count172
\l__regex_max_pos_int=\count173
\l__regex_curr_pos_int=\count174
\l__regex_start_pos_int=\count175
\l__regex_success_pos_int=\count176
\l__regex_curr_char_int=\count177
\l__regex_curr_catcode_int=\count178
\l__regex_last_char_int=\count179
\l__regex_case_changed_char_int=\count180
\l__regex_curr_state_int=\count181
\l__regex_step_int=\count182
\l__regex_min_active_int=\count183
\l__regex_max_active_int=\count184
\l__regex_replacement_csnames_int=\count185
\l__regex_match_count_int=\count186
\l__regex_min_submatch_int=\count187
\l__regex_submatch_int=\count188
\l__regex_zeroth_submatch_int=\count189
\g__debug_trace_regex_int=\count190
\c_empty_box=\box43
\l_tmpa_box=\box44
\l_tmpb_box=\box45
\g_tmpa_box=\box46
\g_tmpb_box=\box47
\l__box_top_dim=\dimen122
\l__box_bottom_dim=\dimen123
\l__box_left_dim=\dimen124
\l__box_right_dim=\dimen125
\l__box_top_new_dim=\dimen126
\l__box_bottom_new_dim=\dimen127
\l__box_left_new_dim=\dimen128
\l__box_right_new_dim=\dimen129
\l__box_internal_box=\box48
\l__coffin_internal_box=\box49
\l__coffin_internal_dim=\dimen130
\l__coffin_offset_x_dim=\dimen131
\l__coffin_offset_y_dim=\dimen132
\l__coffin_x_dim=\dimen133
\l__coffin_y_dim=\dimen134
\l__coffin_x_prime_dim=\dimen135
\l__coffin_y_prime_dim=\dimen136
\c_empty_coffin=\box50
\l__coffin_aligned_coffin=\box51
\l__coffin_aligned_internal_coffin=\box52
\l_tmpa_coffin=\box53
\l_tmpb_coffin=\box54
\l__coffin_display_coffin=\box55
\l__coffin_display_coord_coffin=\box56
\l__coffin_display_pole_coffin=\box57
\l__coffin_display_offset_dim=\dimen137
\l__coffin_display_x_dim=\dimen138
\l__coffin_display_y_dim=\dimen139
\l__coffin_bounding_shift_dim=\dimen140
\l__coffin_left_corner_dim=\dimen141
\l__coffin_right_corner_dim=\dimen142
\l__coffin_bottom_corner_dim=\dimen143
\l__coffin_top_corner_dim=\dimen144
\l__coffin_scaled_total_height_dim=\dimen145
\l__coffin_scaled_width_dim=\dimen146
)
("C:\Users\Jiaoni Bai\AppData\Local\Programs\MiKTeX 2.9\tex\latex\l3kernel\l3pd
fmode.def"
File: l3pdfmode.def 2017/03/18 v L3 Experimental driver: PDF mode
\l__driver_color_stack_int=\count191
\l__driver_tmp_box=\box58
))
("C:\Users\Jiaoni Bai\AppData\Local\Programs\MiKTeX 2.9\tex\latex\l3packages\xp
arse\xparse.sty"
Package: xparse 2017/12/16 L3 Experimental document command parser
\l__xparse_current_arg_int=\count192
\g__xparse_grabber_int=\count193
\l__xparse_m_args_int=\count194
\l__xparse_mandatory_args_int=\count195
\l__xparse_v_nesting_int=\count196
)
Package: siunitx 2017/11/26 v2.7k A comprehensive (SI) units package

("C:\Users\Jiaoni Bai\AppData\Local\Programs\MiKTeX 2.9\tex\latex\l3packages\l3
keys2e\l3keys2e.sty"
Package: l3keys2e 2017/12/16 LaTeX2e option processing using LaTeX3 keys
)
\l__siunitx_tmp_box=\box59
\l__siunitx_tmp_dim=\dimen147
\l__siunitx_tmp_int=\count197
\l__siunitx_number_mantissa_length_int=\count198
\l__siunitx_number_uncert_length_int=\count199
\l__siunitx_round_int=\count266
\l__siunitx_process_decimal_int=\count267
\l__siunitx_process_uncertainty_int=\count268
\l__siunitx_process_fixed_int=\count269
\l__siunitx_process_integer_min_int=\count270
\l__siunitx_process_precision_int=\count271
\l__siunitx_group_min_int=\count272
\l__siunitx_angle_marker_box=\box60
\l__siunitx_angle_unit_box=\box61
\l__siunitx_angle_marker_dim=\dimen148
\l__siunitx_angle_unit_dim=\dimen149
\l__siunitx_unit_int=\count273
\l__siunitx_unit_denominator_int=\count274
\l__siunitx_unit_numerator_int=\count275
\l__siunitx_unit_prefix_int=\count276
\l__siunitx_unit_prefix_base_int=\count277
\l__siunitx_unit_prefix_gram_int=\count278
\l__siunitx_number_product_int=\count279
\c__siunitx_one_fill_skip=\skip63
\l__siunitx_table_unit_align_skip=\skip64
\l__siunitx_table_exponent_dim=\dimen150
\l__siunitx_table_integer_dim=\dimen151
\l__siunitx_table_mantissa_dim=\dimen152
\l__siunitx_table_marker_dim=\dimen153
\l__siunitx_table_result_dim=\dimen154
\l__siunitx_table_uncert_dim=\dimen155
\l__siunitx_table_fill_pre_dim=\dimen156
\l__siunitx_table_fill_post_dim=\dimen157
\l__siunitx_table_fill_mid_dim=\dimen158
\l__siunitx_table_pre_box=\box62
\l__siunitx_table_post_box=\box63
\l__siunitx_table_mantissa_box=\box64
\l__siunitx_table_result_box=\box65
\l__siunitx_table_number_align_skip=\skip65
\l__siunitx_table_text_align_skip=\skip66
.................................................
. LaTeX info: "xparse/define-command"
. 
. Defining command \DeclareBinaryPrefix with sig. 'mmm' on line 7250.
.................................................
.................................................
. LaTeX info: "xparse/define-command"
. 
. Defining command \DeclareSIPostPower with sig. 'mm' on line 7253.
.................................................
.................................................
. LaTeX info: "xparse/define-command"
. 
. Defining command \DeclareSIPrefix with sig. 'mmm' on line 7256.
.................................................
.................................................
. LaTeX info: "xparse/define-command"
. 
. Defining command \DeclareSIPrePower with sig. 'mm' on line 7259.
.................................................
.................................................
. LaTeX info: "xparse/define-command"
. 
. Defining command \DeclareSIQualifier with sig. 'mm' on line 7262.
.................................................
.................................................
. LaTeX info: "xparse/define-command"
. 
. Defining command \DeclareSIUnit with sig. 'O{}mm' on line 7265.
.................................................
.................................................
. LaTeX info: "xparse/define-command"
. 
. Defining command \DeclareSIUnitWithOptions with sig. 'mmm' on line 7268.
.................................................
.................................................
. LaTeX info: "xparse/define-command"
. 
. Defining command \ang with sig. 'o>{\SplitArgument {2}{;}}m' on line 7283.
.................................................
.................................................
. LaTeX info: "xparse/define-command"
. 
. Defining command \num with sig. 'om' on line 7292.
.................................................
.................................................
. LaTeX info: "xparse/define-command"
. 
. Defining command \numlist with sig. 'o>{\SplitList {;}}m' on line 7301.
.................................................
.................................................
. LaTeX info: "xparse/define-command"
. 
. Defining command \numrange with sig. 'omm' on line 7310.
.................................................
.................................................
. LaTeX info: "xparse/define-command"
. 
. Defining command \SIlist with sig. 'o>{\SplitList {;}}mm' on line 7322.
.................................................
.................................................
. LaTeX info: "xparse/define-command"
. 
. Defining command \SIrange with sig. 'ommm' on line 7334.
.................................................
.................................................
. LaTeX info: "xparse/define-command"
. 
. Defining command \SI with sig. 'omom' on line 7346.
.................................................
.................................................
. LaTeX info: "xparse/define-command"
. 
. Defining command \sisetup with sig. 'm' on line 7349.
.................................................
.................................................
. LaTeX info: "xparse/define-command"
. 
. Defining command \tablenum with sig. 'om' on line 7364.
.................................................
.................................................
. LaTeX info: "xparse/define-command"
. 
. Defining command \si with sig. 'om' on line 7376.
.................................................
.................................................
. LaTeX info: "xparse/define-command"
. 
. Defining command \numInBookmark with sig. 'om' on line 7423.
.................................................
.................................................
. LaTeX info: "xparse/define-command"
. 
. Defining command \numrangeInBookmark with sig. 'omm' on line 7425.
.................................................
.................................................
. LaTeX info: "xparse/define-command"
. 
. Defining command \SIInBookmark with sig. 'omom' on line 7427.
.................................................
.................................................
. LaTeX info: "xparse/define-command"
. 
. Defining command \SIlistInBookmark with sig. 'omm' on line 7429.
.................................................
.................................................
. LaTeX info: "xparse/define-command"
. 
. Defining command \SIrangeInBookmark with sig. 'ommm' on line 7431.
.................................................
.................................................
. LaTeX info: "xparse/define-command"
. 
. Defining command \siInBookmark with sig. 'om' on line 7432.
.................................................
\g__file_internal_ior=\read1

("C:\Users\Jiaoni Bai\AppData\Local\Programs\MiKTeX 2.9\tex\latex\translator\tr
anslator.sty"
Package: translator 2018/01/04 v1.12 Easy translation of strings in LaTeX
))
("C:\Users\Jiaoni Bai\AppData\Local\Programs\MiKTeX 2.9\tex\latex\tools\longtab
le.sty"
Package: longtable 2014/10/28 v4.11 Multi-page Table package (DPC)
\LTleft=\skip67
\LTright=\skip68
\LTpre=\skip69
\LTpost=\skip70
\LTchunksize=\count280
\LTcapwidth=\dimen159
\LT@head=\box66
\LT@firsthead=\box67
\LT@foot=\box68
\LT@lastfoot=\box69
\LT@cols=\count281
\LT@rows=\count282
\c@LT@tables=\count283
\c@LT@chunks=\count284
\LT@p@ftn=\toks25
)
("C:\Users\Jiaoni Bai\AppData\Local\Programs\MiKTeX 2.9\tex\latex\lipsum\lipsum
.sty"
Package: lipsum 2014/07/27 v1.3 150 paragraphs of Lorem Ipsum dummy text
\c@lips@count=\count285
)
("C:\Users\Jiaoni Bai\AppData\Local\Programs\MiKTeX 2.9\tex\latex\mdwtools\foot
note.sty"
Package: footnote 1997/01/28 1.13 Save footnotes around boxes
\fn@notes=\box70
\fn@width=\dimen160
)
("C:\Users\Jiaoni Bai\AppData\Local\Programs\MiKTeX 2.9\tex\latex\hyperref\hype
rref.sty"
Package: hyperref 2017/03/14 v6.85a Hypertext links for LaTeX

("C:\Users\Jiaoni Bai\AppData\Local\Programs\MiKTeX 2.9\tex\generic\oberdiek\ho
bsub-hyperref.sty"
Package: hobsub-hyperref 2016/05/16 v1.14 Bundle oberdiek, subset hyperref (HO)


("C:\Users\Jiaoni Bai\AppData\Local\Programs\MiKTeX 2.9\tex\generic\oberdiek\ho
bsub-generic.sty"
Package: hobsub-generic 2016/05/16 v1.14 Bundle oberdiek, subset generic (HO)
Package: hobsub 2016/05/16 v1.14 Construct package bundles (HO)
Package: infwarerr 2016/05/16 v1.4 Providing info/warning/error messages (HO)
Package: ltxcmds 2016/05/16 v1.23 LaTeX kernel commands for general use (HO)
Package: ifluatex 2016/05/16 v1.4 Provides the ifluatex switch (HO)
Package ifluatex Info: LuaTeX not detected.
Package: ifvtex 2016/05/16 v1.6 Detect VTeX and its facilities (HO)
Package ifvtex Info: VTeX not detected.
Package: intcalc 2016/05/16 v1.2 Expandable calculations with integers (HO)
Package: ifpdf 2017/03/15 v3.2 Provides the ifpdf switch
Package: etexcmds 2016/05/16 v1.6 Avoid name clashes with e-TeX commands (HO)
Package etexcmds Info: Could not find \expanded.
(etexcmds)             That can mean that you are not using pdfTeX 1.50 or
(etexcmds)             that some package has redefined \expanded.
(etexcmds)             In the latter case, load this package earlier.
Package: kvsetkeys 2016/05/16 v1.17 Key value parser (HO)
Package: kvdefinekeys 2016/05/16 v1.4 Define keys (HO)
Package: pdftexcmds 2017/03/19 v0.25 Utility functions of pdfTeX for LuaTeX (HO
)
Package pdftexcmds Info: LuaTeX not detected.
Package pdftexcmds Info: \pdf@primitive is available.
Package pdftexcmds Info: \pdf@ifprimitive is available.
Package pdftexcmds Info: \pdfdraftmode found.
Package: pdfescape 2016/05/16 v1.14 Implements pdfTeX's escape features (HO)
Package: bigintcalc 2016/05/16 v1.4 Expandable calculations on big integers (HO
)
Package: bitset 2016/05/16 v1.2 Handle bit-vector datatype (HO)
Package: uniquecounter 2016/05/16 v1.3 Provide unlimited unique counter (HO)
)
Package hobsub Info: Skipping package `hobsub' (already loaded).
Package: letltxmacro 2016/05/16 v1.5 Let assignment for LaTeX macros (HO)
Package: hopatch 2016/05/16 v1.3 Wrapper for package hooks (HO)
Package: xcolor-patch 2016/05/16 xcolor patch
Package: atveryend 2016/05/16 v1.9 Hooks at the very end of document (HO)
Package: atbegshi 2016/06/09 v1.18 At begin shipout hook (HO)
Package: refcount 2016/05/16 v3.5 Data extraction from label references (HO)
Package: hycolor 2016/05/16 v1.8 Color options for hyperref/bookmark (HO)
)
("C:\Users\Jiaoni Bai\AppData\Local\Programs\MiKTeX 2.9\tex\generic\ifxetex\ifx
etex.sty"
Package: ifxetex 2010/09/12 v0.6 Provides ifxetex conditional
)
("C:\Users\Jiaoni Bai\AppData\Local\Programs\MiKTeX 2.9\tex\latex\oberdiek\auxh
ook.sty"
Package: auxhook 2016/05/16 v1.4 Hooks for auxiliary files (HO)
)
("C:\Users\Jiaoni Bai\AppData\Local\Programs\MiKTeX 2.9\tex\latex\oberdiek\kvop
tions.sty"
Package: kvoptions 2016/05/16 v3.12 Key value format for package options (HO)
)
\@linkdim=\dimen161
\Hy@linkcounter=\count286
\Hy@pagecounter=\count287

("C:\Users\Jiaoni Bai\AppData\Local\Programs\MiKTeX 2.9\tex\latex\hyperref\pd1e
nc.def"
File: pd1enc.def 2017/03/14 v6.85a Hyperref: PDFDocEncoding definition (HO)
)
\Hy@SavedSpaceFactor=\count288

("C:\Users\Jiaoni Bai\AppData\Local\Programs\MiKTeX 2.9\tex\latex\00miktex\hype
rref.cfg"
File: hyperref.cfg 2002/06/06 v1.2 hyperref configuration of TeXLive
)
Package hyperref Info: Hyper figures OFF on input line 4498.
Package hyperref Info: Link nesting OFF on input line 4503.
Package hyperref Info: Hyper index ON on input line 4506.
Package hyperref Info: Plain pages OFF on input line 4513.
Package hyperref Info: Backreferencing OFF on input line 4518.
Package hyperref Info: Implicit mode ON; LaTeX internals redefined.
Package hyperref Info: Bookmarks ON on input line 4751.
LaTeX Info: Redefining \href on input line 5015.
\c@Hy@tempcnt=\count289
LaTeX Info: Redefining \url on input line 5104.
\XeTeXLinkMargin=\dimen162
\Fld@menulength=\count290
\Field@Width=\dimen163
\Fld@charsize=\dimen164
Package hyperref Info: Hyper figures OFF on input line 6358.
Package hyperref Info: Link nesting OFF on input line 6363.
Package hyperref Info: Hyper index ON on input line 6366.
Package hyperref Info: backreferencing OFF on input line 6373.
Package hyperref Info: Link coloring OFF on input line 6378.
Package hyperref Info: Link coloring with OCG OFF on input line 6383.
Package hyperref Info: PDF/A mode OFF on input line 6388.
LaTeX Info: Redefining \ref on input line 6428.
LaTeX Info: Redefining \pageref on input line 6432.
\Hy@abspage=\count291
\c@Item=\count292
\c@Hfootnote=\count293
)

Package hyperref Message: Driver (autodetected): hpdftex.


("C:\Users\Jiaoni Bai\AppData\Local\Programs\MiKTeX 2.9\tex\latex\hyperref\hpdf
tex.def"
File: hpdftex.def 2017/03/14 v6.85a Hyperref driver for pdfTeX
\Fld@listcount=\count294
\c@bookmark@seq@number=\count295

("C:\Users\Jiaoni Bai\AppData\Local\Programs\MiKTeX 2.9\tex\latex\oberdiek\reru
nfilecheck.sty"
Package: rerunfilecheck 2016/05/16 v1.8 Rerun checks for auxiliary files (HO)
Package uniquecounter Info: New unique counter `rerunfilecheck' on input line 2
82.
)
\Hy@SectionHShift=\skip71
)
("C:\Users\Jiaoni Bai\AppData\Local\Programs\MiKTeX 2.9\tex\latex\tools\dcolumn
.sty"
Package: dcolumn 2014/10/28 v1.06 decimal alignment package (DPC)
)
("C:\Users\Jiaoni Bai\AppData\Local\Programs\MiKTeX 2.9\tex\latex\tools\bm.sty"
Package: bm 2017/01/16 v1.2c Bold Symbol Support (DPC/FMi)
\symboldoperators=\mathgroup6
\symboldletters=\mathgroup7
\symboldsymbols=\mathgroup8
LaTeX Font Info:    Redeclaring math alphabet \mathbf on input line 141.
LaTeX Info: Redefining \bm on input line 207.
)
Class revtex4-1 Info: colortbl package is loaded. (Proceeding with fingers cros
sed.) on input line 69.
Class revtex4-1 Info: Patching unrecognized longtable package. (Proceeding with
 fingers crossed) on input line 69.
Class revtex4-1 Info: Robustifying \LaTeX's \boldmath command on input line 69.

Class revtex4-1 Info: cite was not loaded (OK!) on input line 69.
Class revtex4-1 Info: mcite was not loaded (OK!) on input line 69.
Class revtex4-1 Info: multicol was not loaded (OK!) on input line 69.
 (main.aux)
\openout1 = `main.aux'.

LaTeX Font Info:    Checking defaults for OML/cmm/m/it on input line 69.
LaTeX Font Info:    ... okay on input line 69.
LaTeX Font Info:    Checking defaults for T1/cmr/m/n on input line 69.
LaTeX Font Info:    ... okay on input line 69.
LaTeX Font Info:    Checking defaults for OT1/cmr/m/n on input line 69.
LaTeX Font Info:    ... okay on input line 69.
LaTeX Font Info:    Checking defaults for OMS/cmsy/m/n on input line 69.
LaTeX Font Info:    ... okay on input line 69.
LaTeX Font Info:    Checking defaults for OMX/cmex/m/n on input line 69.
LaTeX Font Info:    ... okay on input line 69.
LaTeX Font Info:    Checking defaults for U/cmr/m/n on input line 69.
LaTeX Font Info:    ... okay on input line 69.
LaTeX Font Info:    Checking defaults for PD1/pdf/m/n on input line 69.
LaTeX Font Info:    ... okay on input line 69.

("C:\Users\Jiaoni Bai\AppData\Local\Programs\MiKTeX 2.9\tex\context\base\supp-p
df.mkii"
[Loading MPS to PDF converter (version 2006.09.02).]
\scratchcounter=\count296
\scratchdimen=\dimen165
\scratchbox=\box71
\nofMPsegments=\count297
\nofMParguments=\count298
\everyMPshowfont=\toks26
\MPscratchCnt=\count299
\MPscratchDim=\dimen166
\MPnumerator=\count300
\makeMPintoPDFobject=\count301
\everyMPtoPDFconversion=\toks27
)
("C:\Users\Jiaoni Bai\AppData\Local\Programs\MiKTeX 2.9\tex\latex\oberdiek\epst
opdf-base.sty"
Package: epstopdf-base 2016/05/15 v2.6 Base part for package epstopdf

("C:\Users\Jiaoni Bai\AppData\Local\Programs\MiKTeX 2.9\tex\latex\oberdiek\grfe
xt.sty"
Package: grfext 2016/05/16 v1.2 Manage graphics extensions (HO)
)
Package epstopdf-base Info: Redefining graphics rule for `.eps' on input line 4
38.
Package grfext Info: Graphics extension search list:
(grfext)             [.pdf,.png,.jpg,.mps,.jpeg,.jbig2,.jb2,.PDF,.PNG,.JPG,.JPE
G,.JBIG2,.JB2,.eps]
(grfext)             \AppendGraphicsExtensions on input line 456.
)
("C:\Users\Jiaoni Bai\AppData\Local\Programs\MiKTeX 2.9\tex\latex\translator\tr
anslator-basic-dictionary-English.dict"
Dictionary: translator-basic-dictionary, Language: English 
)
("C:\Users\Jiaoni Bai\AppData\Local\Programs\MiKTeX 2.9\tex\latex\siunitx\siuni
tx-abbreviations.cfg"
File: siunitx-abbreviations.cfg 2017/11/26 v2.7k siunitx: Abbreviated units
)
\AtBeginShipoutBox=\box72
Package hyperref Info: Link coloring OFF on input line 69.

("C:\Users\Jiaoni Bai\AppData\Local\Programs\MiKTeX 2.9\tex\latex\hyperref\name
ref.sty"
Package: nameref 2016/05/21 v2.44 Cross-referencing by name of section

("C:\Users\Jiaoni Bai\AppData\Local\Programs\MiKTeX 2.9\tex\generic\oberdiek\ge
ttitlestring.sty"
Package: gettitlestring 2016/05/16 v1.5 Cleanup title references (HO)
)
\c@section@level=\count302
)
LaTeX Info: Redefining \ref on input line 69.
LaTeX Info: Redefining \pageref on input line 69.
LaTeX Info: Redefining \nameref on input line 69.
 (main.out) (main.out)
\@outlinefile=\write4
\openout4 = `main.out'.

Class revtex4-1 Info: Taking \maketitle back from hyperref on input line 69.
\openout3 = `mainNotes.bib'.

\c__siunitx_mathsf_int=\count303
LaTeX Font Info:    Try loading font information for U+msa on input line 69.

("C:\Users\Jiaoni Bai\AppData\Local\Programs\MiKTeX 2.9\tex\latex\amsfonts\umsa
.fd"
File: umsa.fd 2013/01/14 v3.01 AMS symbols A
)
LaTeX Font Info:    Try loading font information for U+msb on input line 69.

("C:\Users\Jiaoni Bai\AppData\Local\Programs\MiKTeX 2.9\tex\latex\amsfonts\umsb
.fd"
File: umsb.fd 2013/01/14 v3.01 AMS symbols B
)
\c__siunitx_mathtt_int=\count304


Class revtex4-1 Warning: If you want your PACS to appear in your output, use do
cument class option showpacs.

(sections/Introduction.tex

Package natbib Warning: Citation `eschke_international_2005' on page 1 undefine
d on input line 1.


Package natbib Warning: Citation `noauthor_fair_2011' on page 1 undefined on in
put line 1.


Package natbib Warning: Citation `moritz_butisdevelopment_2006' on page 1 undef
ined on input line 1.


Package natbib Warning: Citation `klingbeil_new_2011' on page 1 undefined on in
put line 1.


Package natbib Warning: Citation `moritz_f-cs-rf-14e_2012' on page 1 undefined 
on input line 1.


Package natbib Warning: Citation `beck_general_2013' on page 1 undefined on inp
ut line 1.


Package natbib Warning: Citation `beck_white_2011' on page 1 undefined on input
 line 1.


Package natbib Warning: Citation `garoby_cern-ps-rf-note-84-6_1984' on page 1 u
ndefined on input line 3.


Package natbib Warning: Citation `noauthor_cern_nodate' on page 1 undefined on 
input line 3.


Package natbib Warning: Citation `damerau_lecture_2017' on page 1 undefined on 
input line 3.


Package natbib Warning: Citation `ferrand_cern-acc-note-2015-0025_2015' on page
 1 undefined on input line 3.


Package natbib Warning: Citation `baudrenghien_sps_1998' on page 1 undefined on
 input line 3.

[1{C:/Users/Jiaoni Bai/AppData/Local/MiKTeX/2.9/pdftex/config/pdftex.map}]

LaTeX Warning: Reference `concept' on page 2 undefined on input line 7.


LaTeX Warning: Reference `dynamics' on page 2 undefined on input line 7.


LaTeX Warning: Reference `timing' on page 2 undefined on input line 7.


LaTeX Warning: Reference `application' on page 2 undefined on input line 7.

) (sections/Requirement.tex) (sections/Concept.tex

Package natbib Warning: Citation `beck_new_2012' on page 2 undefined on input l
ine 1.


Package natbib Warning: Citation `kaiser_f-tn-c-008e_2014' on page 2 undefined 
on input line 1.


Package natbib Warning: Citation `klingbeil_detailed_2013' on page 2 undefined 
on input line 1.

Missing character: There is no â in font cmr10!
Missing character: There is no € in font cmr10!
Missing character: There is no œ in font cmr10!
Missing character: There is no â in font cmr10!
Missing character: There is no € in font cmr10!
Missing character: There is no œ in font cmr10!

LaTeX Warning: Reference `beam_indi' on page 2 undefined on input line 3.

[2]
LaTeX Font Info:    Try loading font information for OMS+cmr on input line 29.

("C:\Users\Jiaoni Bai\AppData\Local\Programs\MiKTeX 2.9\tex\latex\base\omscmr.f
d"
File: omscmr.fd 2014/09/29 v2.5h Standard LaTeX font definitions
)
LaTeX Font Info:    Font shape `OMS/cmr/m/n' in size <10> not available
(Font)              Font shape `OMS/cmsy/m/n' tried instead on input line 29.


LaTeX Warning: Reference `USIS18' on page 3 undefined on input line 46.


LaTeX Warning: Reference `sec:18to100' on page 3 undefined on input line 46.

<USIS18.png, id=139, 834.11626pt x 234.8775pt>
File: USIS18.png Graphic file (type png)
<use USIS18.png>
Package pdftex.def Info: USIS18.png  used on input line 49. on input line 49.
Package pdftex.def Info: Requested size: 256.0748pt x 72.10881pt on input line 
49.

Overfull \hbox (10.0748pt too wide) in paragraph at lines 49--50
 [][] 
 []

[3 <./USIS18.png>]

LaTeX Warning: Reference `ESR' on page 4 undefined on input line 78.


LaTeX Warning: Reference `sec:18toESR' on page 4 undefined on input line 78.

<cir_noint.jpg, id=159, 922.94812pt x 268.75406pt>
File: cir_noint.jpg Graphic file (type jpg)
<use cir_noint.jpg>
Package pdftex.def Info: cir_noint.jpg  used on input line 81. on input line 81
.
Package pdftex.def Info: Requested size: 241.84842pt x 70.42392pt on input line
 81.

LaTeX Warning: Reference `CR-HESR' on page 4 undefined on input line 113.


LaTeX Warning: Reference `sec:CRtoHESR' on page 4 undefined on input line 113.

<CR-HESR.png, id=161, 957.5775pt x 299.61937pt>
File: CR-HESR.png Graphic file (type png)
<use CR-HESR.png>
Package pdftex.def Info: CR-HESR.png  used on input line 116. on input line 116
.
Package pdftex.def Info: Requested size: 241.84842pt x 75.67271pt on input line
 116.
Missing character: There is no â in font cmr10!
Missing character: There is no € in font cmr10!
Missing character: There is no œ in font cmr10!
Missing character: There is no â in font cmr10!
Missing character: There is no € in font cmr10!
Missing character: There is no œ in font cmr10!

LaTeX Warning: Reference `phase_shift' on page 4 undefined on input line 133.

<phase_shift.png, id=163, 829.59938pt x 515.67656pt>
File: phase_shift.png Graphic file (type png)
<use phase_shift.png>
Package pdftex.def Info: phase_shift.png  used on input line 136. on input line
 136.
Package pdftex.def Info: Requested size: 241.84842pt x 150.32922pt on input lin
e 136.

Package natbib Warning: Citation `bovet_selection_1970' on page 4 undefined on 
input line 143.

[4 <./cir_noint.jpg> <./CR-HESR.png>]

LaTeX Warning: A float is stuck (cannot be placed); try class option [floatfix]
 on input line 149.


Package natbib Warning: Citation `lee_accelerator_2011' on page 5 undefined on 
input line 158.


Package natbib Warning: Citation `ezura_beam-dynamics_2008' on page 5 undefined
 on input line 165.


Package natbib Warning: Citation `bovet_selection_1970' on page 5 undefined on 
input line 182.


LaTeX Warning: Reference `frequency_beat' on page 5 undefined on input line 189
.

<frequency_beating.png, id=186, 763.35187pt x 276.28218pt>
File: frequency_beating.png Graphic file (type png)
<use frequency_beating.png>
Package pdftex.def Info: frequency_beating.png  used on input line 192. on inpu
t line 192.
Package pdftex.def Info: Requested size: 241.84842pt x 87.531pt on input line 1
92.
[5 <./phase_shift.png> <./frequency_beating.png>]

Package natbib Warning: Citation `bai_f-tc-c-05_2016' on page 6 undefined on in
put line 206.


LaTeX Warning: Reference `ext_inj_kicker1' on page 6 undefined on input line 20
6.

<ext_inj_ill2.png, id=204, 590.95781pt x 181.42781pt>
File: ext_inj_ill2.png Graphic file (type png)
<use ext_inj_ill2.png>
Package pdftex.def Info: ext_inj_ill2.png  used on input line 209. on input lin
e 209.
Package pdftex.def Info: Requested size: 241.84842pt x 74.24747pt on input line
 209.

LaTeX Warning: Reference `syn_form' on page 6 undefined on input line 215.


LaTeX Warning: Reference `bucket_label_occurrence' on page 6 undefined on input
 line 215.


LaTeX Warning: Reference `bucket_label_occurrence1' on page 6 undefined on inpu
t line 215.

<bucket_label_occurrence.jpg, id=206, 632.3625pt x 277.035pt>
File: bucket_label_occurrence.jpg Graphic file (type jpg)
<use bucket_label_occurrence.jpg>
Package pdftex.def Info: bucket_label_occurrence.jpg  used on input line 229. o
n input line 229.
Package pdftex.def Info: Requested size: 241.84842pt x 105.95074pt on input lin
e 229.
<bucket_label_occurrence1.jpg, id=208, 719.68875pt x 308.65312pt>
File: bucket_label_occurrence1.jpg Graphic file (type jpg)
<use bucket_label_occurrence1.jpg>
Package pdftex.def Info: bucket_label_occurrence1.jpg  used on input line 237. 
on input line 237.
Package pdftex.def Info: Requested size: 241.84842pt x 103.72086pt on input lin
e 237.

Package natbib Warning: Citation `bai_f-tc-c-05_2016' on page 6 undefined on in
put line 245.

[6 <./ext_inj_ill2.png> <./bucket_label_occurrence.jpg> <./bucket_label_occurre
nce1.jpg>]
Package epstopdf Info: Source file: <procedure.eps>
(epstopdf)                    date: 2018-02-27 13:24:30
(epstopdf)                    size: 538153 bytes
(epstopdf)             Output file: <procedure-eps-converted-to.pdf>
(epstopdf)                    date: 2018-02-27 13:32:12
(epstopdf)                    size: 484981 bytes
(epstopdf)             Command: <epstopdf --outfile=procedure-eps-converted-to.
pdf procedure.eps>
(epstopdf)             \includegraphics on input line 249.
Package epstopdf Info: Output file is already uptodate.
<procedure-eps-converted-to.pdf, id=222, pagebox=cropbox, 735.74875pt x 643.403
75pt>
File: procedure-eps-converted-to.pdf Graphic file (type pdf)
<use procedure-eps-converted-to.pdf>
Package pdftex.def Info: procedure-eps-converted-to.pdf  used on input line 249
. on input line 249.
Package pdftex.def Info: Requested size: 241.84842pt x 211.4894pt on input line
 249.


LaTeX Warning: Reference `procedure' on page 7 undefined on input line 255.


LaTeX Warning: Reference `procedure' on page 7 undefined on input line 255.


Package natbib Warning: Citation `bai_f-tc-c-05_2016' on page 7 undefined on in
put line 255.

) (sections/Dynamics.tex

Package natbib Warning: Citation `wilson_lecture_2005' on page 7 undefined on i
nput line 3.


Package natbib Warning: Citation `liebermann_fair_2013' on page 7 undefined on 
input line 25.


LaTeX Warning: Reference `bucket_size' on page 7 undefined on input line 27.


LaTeX Warning: Reference `dynamic_param' on page 7 undefined on input line 29.


LaTeX Warning: Reference `dynamic_param1' on page 7 undefined on input line 29.



LaTeX Warning: Reference `sec:18to100' on page 7 undefined on input line 29.


LaTeX Warning: Reference `eq:phaseP11' on page 7 undefined on input line 58.


LaTeX Warning: Reference `eq2' on page 7 undefined on input line 58.


LaTeX Warning: Reference `eq:derivation1' on page 7 undefined on input line 58.


[7 <./procedure-eps-converted-to.pdf>]

LaTeX Warning: A float is stuck (cannot be placed); try class option [floatfix]
 on input line 59.

<4case.png, id=249, 1029.09468pt x 471.26062pt>
File: 4case.png Graphic file (type png)
<use 4case.png>
Package pdftex.def Info: 4case.png  used on input line 99. on input line 99.
Package pdftex.def Info: Requested size: 270.30118pt x 123.78326pt on input lin
e 99.

Overfull \hbox (24.30118pt too wide) in paragraph at lines 99--100
 [][] 
 []


LaTeX Warning: Reference `4case' on page 8 undefined on input line 104.


LaTeX Warning: Reference `moment' on page 8 undefined on input line 104.


LaTeX Warning: Reference `U_phase_shift' on page 8 undefined on input line 104.


<moment.png, id=251, 966.61125pt x 1115.66812pt>
File: moment.png Graphic file (type png)
<use moment.png>
Package pdftex.def Info: moment.png  used on input line 107. on input line 107.

Package pdftex.def Info: Requested size: 241.84842pt x 279.13765pt on input lin
e 107.

LaTeX Warning: Reference `dynamic_param' on page 8 undefined on input line 130.



LaTeX Warning: Reference `U_phase_shift' on page 8 undefined on input line 132.


[8 <./4case.png (PNG copy)> <./moment.png>]

LaTeX Warning: A float is stuck (cannot be placed); try class option [floatfix]
 on input line 134.


LaTeX Warning: Reference `eq:phaseP11' on page 9 undefined on input line 143.


LaTeX Warning: Reference `eq2' on page 9 undefined on input line 143.


LaTeX Warning: Reference `eq:derivation1' on page 9 undefined on input line 143
.


LaTeX Warning: Reference `dynamic_param_H_20' on page 9 undefined on input line
 143.


Overfull \hbox (16.30667pt too wide) in paragraph at lines 149--154
 []$ 
 []


LaTeX Warning: Reference `dynamic_param_H_20' on page 9 undefined on input line
 157.


LaTeX Warning: Reference `dynamic_param1' on page 9 undefined on input line 170
.

) (sections/Timing.tex

Package natbib Warning: Citation `klingbeil_new_2011' on page 9 undefined on in
put line 2.

LaTeX Font Info:    Try loading font information for TS1+cmr on input line 4.

("C:\Users\Jiaoni Bai\AppData\Local\Programs\MiKTeX 2.9\tex\latex\base\ts1cmr.f
d"
File: ts1cmr.fd 2014/09/29 v2.5h Standard LaTeX font definitions
)

Package natbib Warning: Citation `ferrand_development_nodate' on page 9 undefin
ed on input line 5.


Package natbib Warning: Citation `prados_white_2011' on page 9 undefined on inp
ut line 10.

[9]

Package natbib Warning: Citation `Note1' on page 10 undefined on input line 15.



Package natbib Warning: Citation `noauthor_datasheet_nodate' on page 10 undefin
ed on input line 15.


Package natbib Warning: Citation `beck_timing_2015' on page 10 undefined on inp
ut line 15.


Package natbib Warning: Citation `bai_f-tc-c-05_2016' on page 10 undefined on i
nput line 17.


Overfull \hbox (6.73962pt too wide) in paragraph at lines 29--35
 []$ 
 []

<network_B2B2.jpg, id=278, 1354.05875pt x 569.12625pt>
File: network_B2B2.jpg Graphic file (type jpg)
<use network_B2B2.jpg>
Package pdftex.def Info: network_B2B2.jpg  used on input line 40. on input line
 40.
Package pdftex.def Info: Requested size: 241.84842pt x 101.64804pt on input lin
e 40.

LaTeX Warning: Reference `network_B2B2' on page 10 undefined on input line 45.


Package natbib Warning: Citation `prados_testing_2016' on page 10 undefined on 
input line 47.


LaTeX Warning: Reference `appendixwr' on page 10 undefined on input line 47.


LaTeX Warning: Reference `max latency jitter' on page 10 undefined on input lin
e 50.


Package natbib Warning: Citation `prados_testing_2016' on page 10 undefined on 
input line 50.


Package natbib Warning: Citation `prados_testing_2016' on page 10 undefined on 
input line 65.

[10 <./network_B2B2.jpg>]

LaTeX Warning: Reference `FER' on page 11 undefined on input line 75.

) (sections/Testsetup.tex
<schematic_setup.jpg, id=291, 828.09375pt x 555.57562pt>
File: schematic_setup.jpg Graphic file (type jpg)
<use schematic_setup.jpg>
Package pdftex.def Info: schematic_setup.jpg  used on input line 5. on input li
ne 5.
Package pdftex.def Info: Requested size: 241.84842pt x 162.25725pt on input lin
e 5.


LaTeX Warning: Reference `setup' on page 11 undefined on input line 9.


LaTeX Warning: Reference `testsetup_text' on page 11 undefined on input line 9.


<testsetup_text.jpg, id=293, 974.64125pt x 796.9775pt>
File: testsetup_text.jpg Graphic file (type jpg)
<use testsetup_text.jpg>
Package pdftex.def Info: testsetup_text.jpg  used on input line 13. on input li
ne 13.
Package pdftex.def Info: Requested size: 241.84842pt x 197.76025pt on input lin
e 13.

LaTeX Warning: Reference `execution_time' on page 11 undefined on input line 18
.

) [11 <./schematic_setup.jpg> <./testsetup_text.jpg>]

LaTeX Warning: A float is stuck (cannot be placed); try class option [floatfix]
 on input line 127.

(sections/Application.tex
Underfull \hbox (badness 10000) in paragraph at lines 12--12
[]|\OT1/cmr/m/n/9 B2B
 []


Underfull \hbox (badness 10000) in paragraph at lines 12--12
\OT1/cmr/m/n/9 in-jec-tion
 []


Underfull \hbox (badness 10000) in paragraph at lines 12--12
\OT1/cmr/m/n/9 cen-ter
 []


Overfull \hbox (1.86108pt too wide) in paragraph at lines 12--12
\OT1/cmr/m/n/9 mismatch| 
 []


Underfull \hbox (badness 2478) in paragraph at lines 13--13
[]|\OT1/cmr/m/n/9 Four batches, each
 []


Underfull \hbox (badness 10000) in paragraph at lines 13--13
\OT1/cmr/m/n/9 of two SIS18
 []


Underfull \hbox (badness 10000) in paragraph at lines 13--13
\OML/cmm/m/it/9 U[]$ \OT1/cmr/m/n/9 bunches
 []


Underfull \hbox (badness 10000) in paragraph at lines 13--13
\OT1/cmr/m/n/9 ([][]) $\OMS/cmsy/m/n/9 !$
 []


Underfull \hbox (badness 10000) in paragraph at lines 13--13
\OT1/cmr/m/n/9 eight out of ten
 []


Underfull \hbox (badness 7308) in paragraph at lines 13--13
[]|\OT1/cmr/m/n/9 5 (200Hz
 []


Overfull \vbox (29.00008pt too high) detected at line 13
 []


Underfull \hbox (badness 6141) in paragraph at lines 14--14
\OT1/cmr/m/n/9 ([][]) $\OMS/cmsy/m/n/9 !$ \OT1/cmr/m/n/9 four
 []


Underfull \hbox (badness 3375) in paragraph at lines 14--14
\OT1/cmr/m/n/9 out of ten SIS100
 []


Underfull \hbox (badness 7308) in paragraph at lines 14--14
[]|\OT1/cmr/m/n/9 5 (200Hz
 []


Underfull \hbox (badness 1681) in paragraph at lines 15--15
[]|\OT1/cmr/m/n/9 Two of four SIS18
 []


Underfull \hbox (badness 10000) in paragraph at lines 17--17
[]|\OT1/cmr/m/n/9 One ESR bunch
 []


Underfull \hbox (badness 2205) in paragraph at lines 17--17
\OT1/cmr/m/n/9 ([][]) $\OMS/cmsy/m/n/9 !$ \OT1/cmr/m/n/9 one
 []


Underfull \hbox (badness 1092) in paragraph at lines 18--18
[]|\OT1/cmr/m/n/9 One CR an-tipro-ton
 []


Overfull \vbox (50.00003pt too high) detected at line 18
 []


Underfull \hbox (badness 10000) in paragraph at lines 20--20
[]|\OT1/cmr/m/n/9 One SIS100 $\OML/cmm/m/it/9 H[]$
 []


Underfull \hbox (badness 2452) in paragraph at lines 20--20
\OT1/cmr/m/n/9 bunch ([][])
 []


Underfull \hbox (badness 10000) in paragraph at lines 20--20
[]$
 []


Underfull \hbox (badness 10000) in paragraph at lines 20--20
\OT1/cmr/m/n/9 ([][]) one
 []


Underfull \hbox (badness 10000) in paragraph at lines 20--20
[]|\OT1/cmr/m/n/9 not
 []


Overfull \vbox (40.00008pt too high) detected at line 20
 []


Underfull \hbox (badness 10000) in paragraph at lines 21--21
[]|\OT1/cmr/m/n/9 One SIS100
 []


Underfull \hbox (badness 10000) in paragraph at lines 21--21
\OT1/cmr/m/n/9 heavy ion bunch
 []


Underfull \hbox (badness 10000) in paragraph at lines 21--21
\OT1/cmr/m/n/9 ([][])
 []


Underfull \hbox (badness 10000) in paragraph at lines 21--21
[]$
 []


Underfull \hbox (badness 10000) in paragraph at lines 21--21
\OT1/cmr/m/n/9 ([][]) one
 []


Underfull \hbox (badness 10000) in paragraph at lines 21--21
[]|\OT1/cmr/m/n/9 not
 []


Underfull \hbox (badness 5403) in paragraph at lines 23--23
\OT1/cmr/m/n/9 bunch ([][])
 []


Underfull \hbox (badness 10000) in paragraph at lines 23--23
[]$ \OT1/cmr/m/n/9 ([][])
 []


Underfull \hbox (badness 10000) in paragraph at lines 23--23
[]|\OT1/cmr/m/n/9 not
 []


LaTeX Warning: Reference `use_application' on page 12 undefined on input line 2
9.


LaTeX Warning: Reference `use_application' on page 12 undefined on input line 3
1.


LaTeX Warning: Reference `appendix' on page 12 undefined on input line 31.


LaTeX Warning: Reference `1st_2nd_1' on page 12 undefined on input line 34.


LaTeX Warning: Reference `1st_2nd_2' on page 12 undefined on input line 34.


LaTeX Warning: Reference `1st_2nd_3' on page 12 undefined on input line 34.

Package epstopdf Info: Source file: <RIB100CR.eps>
(epstopdf)                    date: 2018-02-27 13:24:30
(epstopdf)                    size: 54799 bytes
(epstopdf)             Output file: <RIB100CR-eps-converted-to.pdf>
(epstopdf)                    date: 2018-02-27 13:32:13
(epstopdf)                    size: 15739 bytes
(epstopdf)             Command: <epstopdf --outfile=RIB100CR-eps-converted-to.p
df RIB100CR.eps>
(epstopdf)             \includegraphics on input line 38.
Package epstopdf Info: Output file is already uptodate.
<RIB100CR-eps-converted-to.pdf, id=307, pagebox=cropbox, 1028.84375pt x 471.762
5pt>
File: RIB100CR-eps-converted-to.pdf Graphic file (type pdf)
<use RIB100CR-eps-converted-to.pdf>
Package pdftex.def Info: RIB100CR-eps-converted-to.pdf  used on input line 38. 
on input line 38.
Package pdftex.def Info: Requested size: 241.84842pt x 110.89299pt on input lin
e 38.
Package epstopdf Info: Source file: <P100CR.eps>
(epstopdf)                    date: 2018-02-27 13:24:30
(epstopdf)                    size: 90679 bytes
(epstopdf)             Output file: <P100CR-eps-converted-to.pdf>
(epstopdf)                    date: 2018-02-27 13:32:14
(epstopdf)                    size: 20317 bytes
(epstopdf)             Command: <epstopdf --outfile=P100CR-eps-converted-to.pdf
 P100CR.eps>
(epstopdf)             \includegraphics on input line 45.
Package epstopdf Info: Output file is already uptodate.
<P100CR-eps-converted-to.pdf, id=309, pagebox=cropbox, 1028.84375pt x 471.7625p
t>
File: P100CR-eps-converted-to.pdf Graphic file (type pdf)
<use P100CR-eps-converted-to.pdf>
Package pdftex.def Info: P100CR-eps-converted-to.pdf  used on input line 45. on
 input line 45.
Package pdftex.def Info: Requested size: 241.84842pt x 110.89299pt on input lin
e 45.
Package epstopdf Info: Source file: <18ESR.eps>
(epstopdf)                    date: 2018-02-27 13:24:30
(epstopdf)                    size: 34546 bytes
(epstopdf)             Output file: <18ESR-eps-converted-to.pdf>
(epstopdf)                    date: 2018-02-27 13:32:14
(epstopdf)                    size: 12377 bytes
(epstopdf)             Command: <epstopdf --outfile=18ESR-eps-converted-to.pdf 
18ESR.eps>
(epstopdf)             \includegraphics on input line 52.
Package epstopdf Info: Output file is already uptodate.
<18ESR-eps-converted-to.pdf, id=311, pagebox=cropbox, 1028.84375pt x 471.7625pt
>
File: 18ESR-eps-converted-to.pdf Graphic file (type pdf)
<use 18ESR-eps-converted-to.pdf>
Package pdftex.def Info: 18ESR-eps-converted-to.pdf  used on input line 52. on 
input line 52.
Package pdftex.def Info: Requested size: 241.84842pt x 110.89299pt on input lin
e 52.
) (sections/Conclusion.tex [12 <./RIB100CR-eps-converted-to.pdf> <./P100CR-eps-
converted-to.pdf>] [13]

LaTeX Warning: A float is stuck (cannot be placed); try class option [floatfix]
 on input line 8.

) (sections/Acknowledgments.tex)
No file main.bbl.
[14 <./18ESR-eps-converted-to.pdf>] (sections/appendix_wr.tex)
(sections/appendix.tex [15]

Package longtable Warning: Column widths have changed
(longtable)                in table XI on input line 103.

[16] [17])

Package natbib Warning: There were undefined citations.


Package longtable Warning: Table widths have changed. Rerun LaTeX.

[18]
Package atveryend Info: Empty hook `AfterLastShipout' on input line 461.
 (main.aux)
Package atveryend Info: Executing hook `AtVeryEndDocument' on input line 461.
Package atveryend Info: Executing hook `AtEndAfterFileList' on input line 461.


Package rerunfilecheck Warning: File `main.out' has changed.
(rerunfilecheck)                Rerun to get outlines right
(rerunfilecheck)                or use package `bookmark'.

Package rerunfilecheck Info: Checksums for `main.out':
(rerunfilecheck)             Before: E75D3FA8BAE5787C0FCE2E3E9D558201;2381
(rerunfilecheck)             After:  9E31FDCC25E87C76543B3FF98EADE2BE;2380.

LaTeX Warning: There were undefined references.


LaTeX Warning: Label(s) may have changed. Rerun to get cross-references right .


 ) 
Here is how much of TeX's memory you used:
 19235 strings out of 493312
 363197 string characters out of 3127650
 572514 words of memory out of 3000000
 22432 multiletter control sequences out of 15000+200000
 549346 words of font info for 91 fonts, out of 3000000 for 9000
 1141 hyphenation exceptions out of 8191
 34i,23n,36p,10379b,1048s stack positions out of 5000i,500n,10000p,200000b,50000s
 <C:\Users\Jiaoni Bai\AppData\Local\MiKTeX\2.9\fonts\pk\ljfour\jknappen\ec\dp
i600\tcrm0900.pk> <C:\Users\Jiaoni Bai\AppData\Local\MiKTeX\2.9\fonts\pk\ljfour
\jknappen\ec\dpi600\tcrm1000.pk><C:/Users/Jiaoni Bai/AppData/Local/Programs/MiK
TeX 2.9/fonts/type1/public/amsfonts/cm/cmbx10.pfb><C:/Users/Jiaoni Bai/AppData/
Local/Programs/MiKTeX 2.9/fonts/type1/public/amsfonts/cm/cmbx12.pfb><C:/Users/J
iaoni Bai/AppData/Local/Programs/MiKTeX 2.9/fonts/type1/public/amsfonts/cm/cmbx
9.pfb><C:/Users/Jiaoni Bai/AppData/Local/Programs/MiKTeX 2.9/fonts/type1/public
/amsfonts/cm/cmex10.pfb><C:/Users/Jiaoni Bai/AppData/Local/Programs/MiKTeX 2.9/
fonts/type1/public/amsfonts/cm/cmmi10.pfb><C:/Users/Jiaoni Bai/AppData/Local/Pr
ograms/MiKTeX 2.9/fonts/type1/public/amsfonts/cm/cmmi5.pfb><C:/Users/Jiaoni Bai
/AppData/Local/Programs/MiKTeX 2.9/fonts/type1/public/amsfonts/cm/cmmi6.pfb><C:
/Users/Jiaoni Bai/AppData/Local/Programs/MiKTeX 2.9/fonts/type1/public/amsfonts
/cm/cmmi7.pfb><C:/Users/Jiaoni Bai/AppData/Local/Programs/MiKTeX 2.9/fonts/type
1/public/amsfonts/cm/cmmi9.pfb><C:/Users/Jiaoni Bai/AppData/Local/Programs/MiKT
eX 2.9/fonts/type1/public/amsfonts/cm/cmr10.pfb><C:/Users/Jiaoni Bai/AppData/Lo
cal/Programs/MiKTeX 2.9/fonts/type1/public/amsfonts/cm/cmr5.pfb><C:/Users/Jiaon
i Bai/AppData/Local/Programs/MiKTeX 2.9/fonts/type1/public/amsfonts/cm/cmr6.pfb
><C:/Users/Jiaoni Bai/AppData/Local/Programs/MiKTeX 2.9/fonts/type1/public/amsf
onts/cm/cmr7.pfb><C:/Users/Jiaoni Bai/AppData/Local/Programs/MiKTeX 2.9/fonts/t
ype1/public/amsfonts/cm/cmr8.pfb><C:/Users/Jiaoni Bai/AppData/Local/Programs/Mi
KTeX 2.9/fonts/type1/public/amsfonts/cm/cmr9.pfb><C:/Users/Jiaoni Bai/AppData/L
ocal/Programs/MiKTeX 2.9/fonts/type1/public/amsfonts/cm/cmsl9.pfb><C:/Users/Jia
oni Bai/AppData/Local/Programs/MiKTeX 2.9/fonts/type1/public/amsfonts/cm/cmsy10
.pfb><C:/Users/Jiaoni Bai/AppData/Local/Programs/MiKTeX 2.9/fonts/type1/public/
amsfonts/cm/cmsy5.pfb><C:/Users/Jiaoni Bai/AppData/Local/Programs/MiKTeX 2.9/fo
nts/type1/public/amsfonts/cm/cmsy6.pfb><C:/Users/Jiaoni Bai/AppData/Local/Progr
ams/MiKTeX 2.9/fonts/type1/public/amsfonts/cm/cmsy7.pfb><C:/Users/Jiaoni Bai/Ap
pData/Local/Programs/MiKTeX 2.9/fonts/type1/public/amsfonts/cm/cmsy9.pfb><C:/Us
ers/Jiaoni Bai/AppData/Local/Programs/MiKTeX 2.9/fonts/type1/public/amsfonts/cm
/cmti10.pfb><C:/Users/Jiaoni Bai/AppData/Local/Programs/MiKTeX 2.9/fonts/type1/
public/amsfonts/cm/cmti7.pfb><C:/Users/Jiaoni Bai/AppData/Local/Programs/MiKTeX
 2.9/fonts/type1/public/amsfonts/cm/cmti9.pfb>
Output written on main.pdf (18 pages, 2467980 bytes).
PDF statistics:
 485 PDF objects out of 1000 (max. 8388607)
 118 named destinations out of 1000 (max. 500000)
 412 words of extra memory for PDF output out of 10000 (max. 10000000)

